[debug] [2026-05-21T19:51:03.499Z] ----------------------------------------------------------------------
[debug] [2026-05-21T19:51:03.501Z] Command:       C:\Program Files\nodejs\node.exe C:\Users\ASUS\AppData\Roaming\npm\node_modules\firebase-tools\lib\bin\firebase.js deploy
[debug] [2026-05-21T19:51:03.501Z] CLI Version:   15.18.0
[debug] [2026-05-21T19:51:03.501Z] Platform:      win32
[debug] [2026-05-21T19:51:03.501Z] Node Version:  v24.14.0
[debug] [2026-05-21T19:51:03.501Z] Time:          Fri May 22 2026 02:21:03 GMT+0630 (Myanmar Time)
[debug] [2026-05-21T19:51:03.501Z] ----------------------------------------------------------------------
[debug] 
[debug] [2026-05-21T19:51:05.526Z] > command requires scopes: ["email","openid","https://www.googleapis.com/auth/cloudplatformprojects.readonly","https://www.googleapis.com/auth/firebase","https://www.googleapis.com/auth/cloud-platform"]
[debug] [2026-05-21T19:51:05.527Z] > authorizing via signed-in user (mbtoday5524@gmail.com)
[debug] [2026-05-21T19:51:05.527Z] [iam] checking project zinkopos for permissions ["datastore.indexes.create","datastore.indexes.delete","datastore.indexes.list","datastore.indexes.update","firebase.projects.get","firebasehosting.sites.update"]
[debug] [2026-05-21T19:51:05.528Z] Checked if tokens are valid: false, expires at: 1779391867579
[debug] [2026-05-21T19:51:05.528Z] Checked if tokens are valid: false, expires at: 1779391867579
[debug] [2026-05-21T19:51:05.528Z] > refreshing access token with scopes: []
[debug] [2026-05-21T19:51:05.530Z] >>> [apiv2][query] POST https://www.googleapis.com/oauth2/v3/token [none]
[debug] [2026-05-21T19:51:05.530Z] >>> [apiv2][body] POST https://www.googleapis.com/oauth2/v3/token [omitted]
[debug] [2026-05-21T19:51:06.584Z] <<< [apiv2][status] POST https://www.googleapis.com/oauth2/v3/token 200
[debug] [2026-05-21T19:51:06.584Z] <<< [apiv2][body] POST https://www.googleapis.com/oauth2/v3/token [omitted]
[debug] [2026-05-21T19:51:06.594Z] >>> [apiv2][query] POST https://cloudresourcemanager.googleapis.com/v1/projects/zinkopos:testIamPermissions [none]
[debug] [2026-05-21T19:51:06.594Z] >>> [apiv2][(partial)header] POST https://cloudresourcemanager.googleapis.com/v1/projects/zinkopos:testIamPermissions  x-goog-user-project=zinkopos
[debug] [2026-05-21T19:51:06.595Z] >>> [apiv2][body] POST https://cloudresourcemanager.googleapis.com/v1/projects/zinkopos:testIamPermissions {"permissions":["datastore.indexes.create","datastore.indexes.delete","datastore.indexes.list","datastore.indexes.update","firebase.projects.get","firebasehosting.sites.update"]}
[debug] [2026-05-21T19:51:07.861Z] <<< [apiv2][status] POST https://cloudresourcemanager.googleapis.com/v1/projects/zinkopos:testIamPermissions 403
[debug] [2026-05-21T19:51:07.861Z] <<< [apiv2][body] POST https://cloudresourcemanager.googleapis.com/v1/projects/zinkopos:testIamPermissions {"error":{"code":403,"message":"Caller does not have required permission to use project zinkopos. Grant the caller the roles/serviceusage.serviceUsageConsumer role, or a custom role with the serviceusage.services.use permission, by visiting https://console.developers.google.com/iam-admin/iam?project=zinkopos and then retry. Propagation of the new permission may take a few minutes.","status":"PERMISSION_DENIED","details":[{"@type":"type.googleapis.com/google.rpc.ErrorInfo","reason":"USER_PROJECT_DENIED","domain":"googleapis.com","metadata":{"containerInfo":"zinkopos","consoleUrl":"https://console.developers.google.com/iam-admin/iam?project=zinkopos","service":"cloudresourcemanager.googleapis.com","consumer":"projects/zinkopos"}},{"@type":"type.googleapis.com/google.rpc.LocalizedMessage","locale":"en-US","message":"Caller does not have required permission to use project zinkopos. Grant the caller the roles/serviceusage.serviceUsageConsumer role, or a custom role with the serviceusage.services.use permission, by visiting https://console.developers.google.com/iam-admin/iam?project=zinkopos and then retry. Propagation of the new permission may take a few minutes."},{"@type":"type.googleapis.com/google.rpc.Help","links":[{"description":"Google developer console IAM admin","url":"https://console.developers.google.com/iam-admin/iam?project=zinkopos"}]}]}}
[debug] [2026-05-21T19:51:07.862Z] [iam] error while checking permissions, command may fail: Request to https://cloudresourcemanager.googleapis.com/v1/projects/zinkopos:testIamPermissions had HTTP Error: 403, Caller does not have required permission to use project zinkopos. Grant the caller the roles/serviceusage.serviceUsageConsumer role, or a custom role with the serviceusage.services.use permission, by visiting https://console.developers.google.com/iam-admin/iam?project=zinkopos and then retry. Propagation of the new permission may take a few minutes.
[debug] [2026-05-21T19:51:07.862Z] Checked if tokens are valid: true, expires at: 1779396665584
[debug] [2026-05-21T19:51:07.862Z] Checked if tokens are valid: true, expires at: 1779396665584
[debug] [2026-05-21T19:51:07.862Z] >>> [apiv2][query] GET https://firebase.googleapis.com/v1beta1/projects/zinkopos [none]
[debug] [2026-05-21T19:51:08.928Z] <<< [apiv2][status] GET https://firebase.googleapis.com/v1beta1/projects/zinkopos 403
[debug] [2026-05-21T19:51:08.928Z] <<< [apiv2][body] GET https://firebase.googleapis.com/v1beta1/projects/zinkopos {"error":{"code":403,"message":"The caller does not have permission","status":"PERMISSION_DENIED"}}
[debug] [2026-05-21T19:51:08.928Z] Request to https://firebase.googleapis.com/v1beta1/projects/zinkopos had HTTP Error: 403, The caller does not have permission
[debug] [2026-05-21T19:51:09.863Z] FirebaseError: Request to https://firebase.googleapis.com/v1beta1/projects/zinkopos had HTTP Error: 403, The caller does not have permission
    at responseToError (C:\Users\ASUS\AppData\Roaming\npm\node_modules\firebase-tools\lib\responseToError.js:53:12)
    at RetryOperation._fn (C:\Users\ASUS\AppData\Roaming\npm\node_modules\firebase-tools\lib\apiv2.js:333:77)
    at process.processTicksAndRejections (node:internal/process/task_queues:104:5)
[error] 
[error] Error: Failed to get Firebase project zinkopos. Please make sure the project exists and your account has permission to access it.
